<?xml version="1.0" encoding="UTF-8"?>
<testsuite name="com.bridgelabz.UserValidatorTest" tests="1" skipped="0" failures="0" errors="0" timestamp="2021-05-28T09:36:09" hostname="LAPTOP-OKMRMTOT" time="0.003">
  <properties/>
  <testcase name="givenEmail_WhenEmailNotEndsWithComOrIn_ShouldReturn_False" classname="com.bridgelabz.UserValidatorTest" time="0.003"/>
  <system-out><![CDATA[]]></system-out>
  <system-err><![CDATA[]]></system-err>
</testsuite>
