<?xml version="1.0" encoding="UTF-8"?>
<testsuite name="com.bridgelabz.UserValidatorTest" tests="1" skipped="0" failures="0" errors="0" timestamp="2021-05-28T09:58:45" hostname="LAPTOP-OKMRMTOT" time="0.002">
  <properties/>
  <testcase name="givenPhoneNumber_WhenPhoneNumberIsFollowedByCountryCode_True" classname="com.bridgelabz.UserValidatorTest" time="0.002"/>
  <system-out><![CDATA[]]></system-out>
  <system-err><![CDATA[]]></system-err>
</testsuite>
