<?xml version="1.0" encoding="UTF-8"?>
<testsuite name="com.bridgelabz.UserRegistrationTest" tests="20" skipped="0" failures="0" errors="0" timestamp="2021-06-01T14:19:41" hostname="LAPTOP-OKMRMTOT" time="0.019">
  <properties/>
  <testcase name="givenLastName_whenLength_lessThan3_shouldReturn_Invalid" classname="com.bridgelabz.UserRegistrationTest" time="0.004"/>
  <testcase name="givenPhoneNumber_WhenPhoneNumberIsNotFollowedByCountryCode_ShouldReturn_Invalid" classname="com.bridgelabz.UserRegistrationTest" time="0.001"/>
  <testcase name="givenEmail_whenValid_shouldReturn_Valid" classname="com.bridgelabz.UserRegistrationTest" time="0.001"/>
  <testcase name="givenFirstName_whenLength_lessThan3_shouldReturn_Invalid" classname="com.bridgelabz.UserRegistrationTest" time="0.001"/>
  <testcase name="givenEmail_WhenEmailEndsWithComOrIn_ShouldReturn_Valid" classname="com.bridgelabz.UserRegistrationTest" time="0.0"/>
  <testcase name="givenEmail_WhenEmailNotEndsWithComOrIn_ShouldReturn_Invalid" classname="com.bridgelabz.UserRegistrationTest" time="0.0"/>
  <testcase name="givenLastName_whenContainsNumber_shouldReturn_Invalid" classname="com.bridgelabz.UserRegistrationTest" time="0.001"/>
  <testcase name="givenPhoneNumber_WhenPhoneNumberIsFollowedByCountryCode_Valid" classname="com.bridgelabz.UserRegistrationTest" time="0.0"/>
  <testcase name="givenLastName_whenStartsWith_smallLetter_shouldReturn_Invalid" classname="com.bridgelabz.UserRegistrationTest" time="0.0"/>
  <testcase name="givenLastName_whenValid_shouldReturn_Valid" classname="com.bridgelabz.UserRegistrationTest" time="0.0"/>
  <testcase name="givenPhoneNumber_WhenPhoneNumberIsFollowedByCountryCode_Invalid" classname="com.bridgelabz.UserRegistrationTest" time="0.0"/>
  <testcase name="givenPassword_whenValid_shouldReturn_Valid" classname="com.bridgelabz.UserRegistrationTest" time="0.001"/>
  <testcase name="givenFirstName_whenStartsWith_capitalLetter_shouldReturn_Valid" classname="com.bridgelabz.UserRegistrationTest" time="0.0"/>
  <testcase name="givenFirstName_whenContainsNumber_shouldReturn_Invalid" classname="com.bridgelabz.UserRegistrationTest" time="0.0"/>
  <testcase name="givenFirstName_whenStartsWith_smallLetter_shouldReturn_Invalid" classname="com.bridgelabz.UserRegistrationTest" time="0.001"/>
  <testcase name="givenPassword_WhenPasswordHaveAtLeastOneSpecialCharacter_ShouldReturn_Valid" classname="com.bridgelabz.UserRegistrationTest" time="0.001"/>
  <testcase name="givenPhoneNumber_WhenPhoneNumberIsNotTenDigit_ShouldReturn_Invalid" classname="com.bridgelabz.UserRegistrationTest" time="0.0"/>
  <testcase name="givenPhoneNumber_WhenPhoneNumberIsTenDigit_Valid" classname="com.bridgelabz.UserRegistrationTest" time="0.0"/>
  <testcase name="givenPassword_WhenPasswordHaveAtLeastOneSpecialCharacter_ShouldReturn_Invalid" classname="com.bridgelabz.UserRegistrationTest" time="0.0"/>
  <testcase name="givenEmail_WhenEmailNotStartsWithSmallLetter_ShouldReturn_Invalid" classname="com.bridgelabz.UserRegistrationTest" time="0.0"/>
  <system-out><![CDATA[]]></system-out>
  <system-err><![CDATA[]]></system-err>
</testsuite>
