<?xml version="1.0" encoding="UTF-8"?>
<testsuite name="com.bridgelabz.UserValidatorTest" tests="1" skipped="0" failures="0" errors="0" timestamp="2021-05-27T21:45:48" hostname="LAPTOP-OKMRMTOT" time="0.001">
  <properties/>
  <testcase name="givenFirstName_NotHaveMinimumThreeLetters_ShouldReturn_False" classname="com.bridgelabz.UserValidatorTest" time="0.001"/>
  <system-out><![CDATA[]]></system-out>
  <system-err><![CDATA[]]></system-err>
</testsuite>
