<?xml version="1.0" encoding="UTF-8"?>
<testsuite name="com.bridgelabz.UserRegistrationTest" tests="10" skipped="0" failures="0" errors="0" timestamp="2021-05-30T21:18:45" hostname="LAPTOP-OKMRMTOT" time="0.016">
  <properties/>
  <testcase name="givenPassword_Valid_shouldReturnValid" classname="com.bridgelabz.UserRegistrationTest" time="0.005"/>
  <testcase name="givenLastName_Invalid_shouldReturnInvalid" classname="com.bridgelabz.UserRegistrationTest" time="0.002"/>
  <testcase name="givenFirstName_valid_should_Return_Valid" classname="com.bridgelabz.UserRegistrationTest" time="0.001"/>
  <testcase name="givenPassword_Invalid_shouldReturnInvalid" classname="com.bridgelabz.UserRegistrationTest" time="0.001"/>
  <testcase name="givenEmail_Invalid_shouldReturnInvalid" classname="com.bridgelabz.UserRegistrationTest" time="0.001"/>
  <testcase name="givenMobileNumber_Valid_shouldReturnValid" classname="com.bridgelabz.UserRegistrationTest" time="0.001"/>
  <testcase name="givenMobileNumber_Invalid_shouldReturnInvalid" classname="com.bridgelabz.UserRegistrationTest" time="0.001"/>
  <testcase name="givenFirstName_Invalid_shouldReturnInvalid" classname="com.bridgelabz.UserRegistrationTest" time="0.0"/>
  <testcase name="givenEmail_Valid_shouldReturnValid" classname="com.bridgelabz.UserRegistrationTest" time="0.001"/>
  <testcase name="givenLastName_Valid_shouldReturnValid" classname="com.bridgelabz.UserRegistrationTest" time="0.001"/>
  <system-out><![CDATA[]]></system-out>
  <system-err><![CDATA[]]></system-err>
</testsuite>
